[12:45:24.791][info] [#0:/nix/store/vrbz1j1ci3kxssdjsgskq9ypa1rckr6z-sumneko-lua-language-server-3.5.6/share/lua-language-server/main.lua:65]: Lua Lsp startup, root: 	/nix/store/vrbz1j1ci3kxssdjsgskq9ypa1rckr6z-sumneko-lua-language-server-3.5.6/share/lua-language-server
[12:45:24.794][info] [#0:/nix/store/vrbz1j1ci3kxssdjsgskq9ypa1rckr6z-sumneko-lua-language-server-3.5.6/share/lua-language-server/main.lua:66]: ROOT:	/nix/store/vrbz1j1ci3kxssdjsgskq9ypa1rckr6z-sumneko-lua-language-server-3.5.6/share/lua-language-server
[12:45:24.794][info] [#0:/nix/store/vrbz1j1ci3kxssdjsgskq9ypa1rckr6z-sumneko-lua-language-server-3.5.6/share/lua-language-server/main.lua:67]: LOGPATH:	$XDG_CACHE_HOME/sumneko_lua/log
[12:45:24.794][info] [#0:/nix/store/vrbz1j1ci3kxssdjsgskq9ypa1rckr6z-sumneko-lua-language-server-3.5.6/share/lua-language-server/main.lua:68]: METAPATH:	$XDG_CACHE_HOME/sumneko_lua/meta
[12:45:24.795][info] [#0:/nix/store/vrbz1j1ci3kxssdjsgskq9ypa1rckr6z-sumneko-lua-language-server-3.5.6/share/lua-language-server/main.lua:69]: VERSION:	3.5.6
[12:45:24.823][info] [#0:script/service/service.lua:141]: 
========= Medical Examination Report =========
    --------------- Memory ---------------
        Total: 1.413 MB
        # 00 : 1.413 MB
        # 01 : 0.000 MB
        # 02 : 0.000 MB
        # 03 : 0.000 MB
        # 04 : 0.000 MB
    --------------- Coroutine ---------------
        Total:     0
        Running:   0
        Suspended: 0
        Normal:    0
        Dead:      0
    --------------- Cache ---------------
        Total: 1
        Dead:  0
    ---------------  RPC  ---------------
        Holdon:   0
        Waiting:  0
==============================================
[12:45:24.837][info] [#0:script/language.lua:137]: VSC language: nil
[12:45:24.852][info] [#0:script/language.lua:138]: LS  language: en-us
[12:45:24.852][info] [#0:script/workspace/workspace.lua:38]: Workspace init root: 	file:///Users/softsun2/.dotfiles/config/nvim
[12:45:24.853][info] [#0:script/workspace/workspace.lua:42]: Log path: 	$XDG_CACHE_HOME/sumneko_lua/log/file_Users_softsun2_.dotfiles_config_nvim.log
[12:45:24.853][info] [#0:script/workspace/workspace.lua:51]: Workspace create: 	file:///Users/softsun2/.dotfiles/config/nvim
[12:45:24.957][info] [#0:script/provider/provider.lua:41]: Load config from client	file:///Users/softsun2/.dotfiles/config/nvim
[12:45:24.971][info] [#0:script/provider/provider.lua:42]: {
  Lua = {
    diagnostics = {
      globals = { "vim" }
    },
    telemetry = {
      enable = false
    },
    workspace = {
      library = { "/Users/softsun2/.dotfiles/config/nvim/lua", "/nix/store/57snv67lnw42xa59l4jf20213nikcw72-vim-pack-dir", "/nix/store/57snv67lnw42xa59l4jf20213nikcw72-vim-pack-dir/pack/myNeovimPackages/start/cmp-buffer", "/nix/store/57snv67lnw42xa59l4jf20213nikcw72-vim-pack-dir/pack/myNeovimPackages/start/cmp-cmdline", "/nix/store/57snv67lnw42xa59l4jf20213nikcw72-vim-pack-dir/pack/myNeovimPackages/start/cmp-nvim-lsp", "/nix/store/57snv67lnw42xa59l4jf20213nikcw72-vim-pack-dir/pack/myNeovimPackages/start/cmp-nvim-lua", "/nix/store/57snv67lnw42xa59l4jf20213nikcw72-vim-pack-dir/pack/myNeovimPackages/start/cmp-path", "/nix/store/57snv67lnw42xa59l4jf20213nikcw72-vim-pack-dir/pack/myNeovimPackages/start/cmp_luasnip", "/nix/store/57snv67lnw42xa59l4jf20213nikcw72-vim-pack-dir/pack/myNeovimPackages/start/colorizer", "/nix/store/57snv67lnw42xa59l4jf20213nikcw72-vim-pack-dir/pack/myNeovimPackages/start/everforest", "/nix/store/57snv67lnw42xa59l4jf20213nikcw72-vim-pack-dir/pack/myNeovimPackages/start/friendly-snippets", "/nix/store/57snv67lnw42xa59l4jf20213nikcw72-vim-pack-dir/pack/myNeovimPackages/start/harpoon", "/nix/store/57snv67lnw42xa59l4jf20213nikcw72-vim-pack-dir/pack/myNeovimPackages/start/indent-blankline.nvim", "/nix/store/57snv67lnw42xa59l4jf20213nikcw72-vim-pack-dir/pack/myNeovimPackages/start/lspkind-nvim", "/nix/store/57snv67lnw42xa59l4jf20213nikcw72-vim-pack-dir/pack/myNeovimPackages/start/luasnip", "/nix/store/57snv67lnw42xa59l4jf20213nikcw72-vim-pack-dir/pack/myNeovimPackages/start/nvim-base16", "/nix/store/57snv67lnw42xa59l4jf20213nikcw72-vim-pack-dir/pack/myNeovimPackages/start/nvim-cmp", "/nix/store/57snv67lnw42xa59l4jf20213nikcw72-vim-pack-dir/pack/myNeovimPackages/start/nvim-lspconfig", "/nix/store/57snv67lnw42xa59l4jf20213nikcw72-vim-pack-dir/pack/myNeovimPackages/start/nvim-solarized-lua", "/nix/store/57snv67lnw42xa59l4jf20213nikcw72-vim-pack-dir/pack/myNeovimPackages/start/nvim-tree.lua", "/nix/store/57snv67lnw42xa59l4jf20213nikcw72-vim-pack-dir/pack/myNeovimPackages/start/nvim-treesitter", "/nix/store/57snv67lnw42xa59l4jf20213nikcw72-vim-pack-dir/pack/myNeovimPackages/start/nvim-web-devicons", "/nix/store/57snv67lnw42xa59l4jf20213nikcw72-vim-pack-dir/pack/myNeovimPackages/start/plenary.nvim", "/nix/store/57snv67lnw42xa59l4jf20213nikcw72-vim-pack-dir/pack/myNeovimPackages/start/rose-pine", "/nix/store/57snv67lnw42xa59l4jf20213nikcw72-vim-pack-dir/pack/myNeovimPackages/start/telescope.nvim", "/nix/store/57snv67lnw42xa59l4jf20213nikcw72-vim-pack-dir/pack/myNeovimPackages/start/vim-floaterm", "/nix/store/57snv67lnw42xa59l4jf20213nikcw72-vim-pack-dir/pack/myNeovimPackages/start/vim-monokai", "/nix/store/57snv67lnw42xa59l4jf20213nikcw72-vim-pack-dir/pack/myNeovimPackages/start/vim-nix", "/nix/store/57snv67lnw42xa59l4jf20213nikcw72-vim-pack-dir/pack/myNeovimPackages/start/__python3_dependencies", "/Users/softsun2/.config/nvim", "/nix/store/88afqqgqyzq6mfi5q6rn9jpi5rgk22xh-neovim-unwrapped-0.8.0/share/nvim/runtime", "/nix/store/88afqqgqyzq6mfi5q6rn9jpi5rgk22xh-neovim-unwrapped-0.8.0/lib/nvim", "/nix/store/57snv67lnw42xa59l4jf20213nikcw72-vim-pack-dir/pack/myNeovimPackages/start/cmp-buffer/after", "/nix/store/57snv67lnw42xa59l4jf20213nikcw72-vim-pack-dir/pack/myNeovimPackages/start/cmp-cmdline/after", "/nix/store/57snv67lnw42xa59l4jf20213nikcw72-vim-pack-dir/pack/myNeovimPackages/start/cmp-nvim-lsp/after", "/nix/store/57snv67lnw42xa59l4jf20213nikcw72-vim-pack-dir/pack/myNeovimPackages/start/cmp-nvim-lua/after", "/nix/store/57snv67lnw42xa59l4jf20213nikcw72-vim-pack-dir/pack/myNeovimPackages/start/cmp-path/after", "/nix/store/57snv67lnw42xa59l4jf20213nikcw72-vim-pack-dir/pack/myNeovimPackages/start/cmp_luasnip/after" }
    }
  }
}
[12:45:24.971][info] [#0:script/provider/provider.lua:41]: Load config from client	file:///Users/softsun2/.dotfiles/config/nvim
[12:45:24.971][info] [#0:script/provider/provider.lua:42]: {
  Lua = {
    diagnostics = {
      globals = { "vim" }
    },
    telemetry = {
      enable = false
    },
    workspace = {
      library = { "/Users/softsun2/.dotfiles/config/nvim/lua", "/nix/store/57snv67lnw42xa59l4jf20213nikcw72-vim-pack-dir", "/nix/store/57snv67lnw42xa59l4jf20213nikcw72-vim-pack-dir/pack/myNeovimPackages/start/cmp-buffer", "/nix/store/57snv67lnw42xa59l4jf20213nikcw72-vim-pack-dir/pack/myNeovimPackages/start/cmp-cmdline", "/nix/store/57snv67lnw42xa59l4jf20213nikcw72-vim-pack-dir/pack/myNeovimPackages/start/cmp-nvim-lsp", "/nix/store/57snv67lnw42xa59l4jf20213nikcw72-vim-pack-dir/pack/myNeovimPackages/start/cmp-nvim-lua", "/nix/store/57snv67lnw42xa59l4jf20213nikcw72-vim-pack-dir/pack/myNeovimPackages/start/cmp-path", "/nix/store/57snv67lnw42xa59l4jf20213nikcw72-vim-pack-dir/pack/myNeovimPackages/start/cmp_luasnip", "/nix/store/57snv67lnw42xa59l4jf20213nikcw72-vim-pack-dir/pack/myNeovimPackages/start/colorizer", "/nix/store/57snv67lnw42xa59l4jf20213nikcw72-vim-pack-dir/pack/myNeovimPackages/start/everforest", "/nix/store/57snv67lnw42xa59l4jf20213nikcw72-vim-pack-dir/pack/myNeovimPackages/start/friendly-snippets", "/nix/store/57snv67lnw42xa59l4jf20213nikcw72-vim-pack-dir/pack/myNeovimPackages/start/harpoon", "/nix/store/57snv67lnw42xa59l4jf20213nikcw72-vim-pack-dir/pack/myNeovimPackages/start/indent-blankline.nvim", "/nix/store/57snv67lnw42xa59l4jf20213nikcw72-vim-pack-dir/pack/myNeovimPackages/start/lspkind-nvim", "/nix/store/57snv67lnw42xa59l4jf20213nikcw72-vim-pack-dir/pack/myNeovimPackages/start/luasnip", "/nix/store/57snv67lnw42xa59l4jf20213nikcw72-vim-pack-dir/pack/myNeovimPackages/start/nvim-base16", "/nix/store/57snv67lnw42xa59l4jf20213nikcw72-vim-pack-dir/pack/myNeovimPackages/start/nvim-cmp", "/nix/store/57snv67lnw42xa59l4jf20213nikcw72-vim-pack-dir/pack/myNeovimPackages/start/nvim-lspconfig", "/nix/store/57snv67lnw42xa59l4jf20213nikcw72-vim-pack-dir/pack/myNeovimPackages/start/nvim-solarized-lua", "/nix/store/57snv67lnw42xa59l4jf20213nikcw72-vim-pack-dir/pack/myNeovimPackages/start/nvim-tree.lua", "/nix/store/57snv67lnw42xa59l4jf20213nikcw72-vim-pack-dir/pack/myNeovimPackages/start/nvim-treesitter", "/nix/store/57snv67lnw42xa59l4jf20213nikcw72-vim-pack-dir/pack/myNeovimPackages/start/nvim-web-devicons", "/nix/store/57snv67lnw42xa59l4jf20213nikcw72-vim-pack-dir/pack/myNeovimPackages/start/plenary.nvim", "/nix/store/57snv67lnw42xa59l4jf20213nikcw72-vim-pack-dir/pack/myNeovimPackages/start/rose-pine", "/nix/store/57snv67lnw42xa59l4jf20213nikcw72-vim-pack-dir/pack/myNeovimPackages/start/telescope.nvim", "/nix/store/57snv67lnw42xa59l4jf20213nikcw72-vim-pack-dir/pack/myNeovimPackages/start/vim-floaterm", "/nix/store/57snv67lnw42xa59l4jf20213nikcw72-vim-pack-dir/pack/myNeovimPackages/start/vim-monokai", "/nix/store/57snv67lnw42xa59l4jf20213nikcw72-vim-pack-dir/pack/myNeovimPackages/start/vim-nix", "/nix/store/57snv67lnw42xa59l4jf20213nikcw72-vim-pack-dir/pack/myNeovimPackages/start/__python3_dependencies", "/Users/softsun2/.config/nvim", "/nix/store/88afqqgqyzq6mfi5q6rn9jpi5rgk22xh-neovim-unwrapped-0.8.0/share/nvim/runtime", "/nix/store/88afqqgqyzq6mfi5q6rn9jpi5rgk22xh-neovim-unwrapped-0.8.0/lib/nvim", "/nix/store/57snv67lnw42xa59l4jf20213nikcw72-vim-pack-dir/pack/myNeovimPackages/start/cmp-buffer/after", "/nix/store/57snv67lnw42xa59l4jf20213nikcw72-vim-pack-dir/pack/myNeovimPackages/start/cmp-cmdline/after", "/nix/store/57snv67lnw42xa59l4jf20213nikcw72-vim-pack-dir/pack/myNeovimPackages/start/cmp-nvim-lsp/after", "/nix/store/57snv67lnw42xa59l4jf20213nikcw72-vim-pack-dir/pack/myNeovimPackages/start/cmp-nvim-lua/after", "/nix/store/57snv67lnw42xa59l4jf20213nikcw72-vim-pack-dir/pack/myNeovimPackages/start/cmp-path/after", "/nix/store/57snv67lnw42xa59l4jf20213nikcw72-vim-pack-dir/pack/myNeovimPackages/start/cmp_luasnip/after" }
    }
  }
}
[12:45:24.971][info] [#0:script/provider/provider.lua:41]: Load config from client	file:///Users/softsun2/.dotfiles/config/nvim
[12:45:24.972][info] [#0:script/provider/provider.lua:42]: {
  Lua = {
    diagnostics = {
      globals = { "vim" }
    },
    telemetry = {
      enable = false
    },
    workspace = {
      library = { "/Users/softsun2/.dotfiles/config/nvim/lua", "/nix/store/57snv67lnw42xa59l4jf20213nikcw72-vim-pack-dir", "/nix/store/57snv67lnw42xa59l4jf20213nikcw72-vim-pack-dir/pack/myNeovimPackages/start/cmp-buffer", "/nix/store/57snv67lnw42xa59l4jf20213nikcw72-vim-pack-dir/pack/myNeovimPackages/start/cmp-cmdline", "/nix/store/57snv67lnw42xa59l4jf20213nikcw72-vim-pack-dir/pack/myNeovimPackages/start/cmp-nvim-lsp", "/nix/store/57snv67lnw42xa59l4jf20213nikcw72-vim-pack-dir/pack/myNeovimPackages/start/cmp-nvim-lua", "/nix/store/57snv67lnw42xa59l4jf20213nikcw72-vim-pack-dir/pack/myNeovimPackages/start/cmp-path", "/nix/store/57snv67lnw42xa59l4jf20213nikcw72-vim-pack-dir/pack/myNeovimPackages/start/cmp_luasnip", "/nix/store/57snv67lnw42xa59l4jf20213nikcw72-vim-pack-dir/pack/myNeovimPackages/start/colorizer", "/nix/store/57snv67lnw42xa59l4jf20213nikcw72-vim-pack-dir/pack/myNeovimPackages/start/everforest", "/nix/store/57snv67lnw42xa59l4jf20213nikcw72-vim-pack-dir/pack/myNeovimPackages/start/friendly-snippets", "/nix/store/57snv67lnw42xa59l4jf20213nikcw72-vim-pack-dir/pack/myNeovimPackages/start/harpoon", "/nix/store/57snv67lnw42xa59l4jf20213nikcw72-vim-pack-dir/pack/myNeovimPackages/start/indent-blankline.nvim", "/nix/store/57snv67lnw42xa59l4jf20213nikcw72-vim-pack-dir/pack/myNeovimPackages/start/lspkind-nvim", "/nix/store/57snv67lnw42xa59l4jf20213nikcw72-vim-pack-dir/pack/myNeovimPackages/start/luasnip", "/nix/store/57snv67lnw42xa59l4jf20213nikcw72-vim-pack-dir/pack/myNeovimPackages/start/nvim-base16", "/nix/store/57snv67lnw42xa59l4jf20213nikcw72-vim-pack-dir/pack/myNeovimPackages/start/nvim-cmp", "/nix/store/57snv67lnw42xa59l4jf20213nikcw72-vim-pack-dir/pack/myNeovimPackages/start/nvim-lspconfig", "/nix/store/57snv67lnw42xa59l4jf20213nikcw72-vim-pack-dir/pack/myNeovimPackages/start/nvim-solarized-lua", "/nix/store/57snv67lnw42xa59l4jf20213nikcw72-vim-pack-dir/pack/myNeovimPackages/start/nvim-tree.lua", "/nix/store/57snv67lnw42xa59l4jf20213nikcw72-vim-pack-dir/pack/myNeovimPackages/start/nvim-treesitter", "/nix/store/57snv67lnw42xa59l4jf20213nikcw72-vim-pack-dir/pack/myNeovimPackages/start/nvim-web-devicons", "/nix/store/57snv67lnw42xa59l4jf20213nikcw72-vim-pack-dir/pack/myNeovimPackages/start/plenary.nvim", "/nix/store/57snv67lnw42xa59l4jf20213nikcw72-vim-pack-dir/pack/myNeovimPackages/start/rose-pine", "/nix/store/57snv67lnw42xa59l4jf20213nikcw72-vim-pack-dir/pack/myNeovimPackages/start/telescope.nvim", "/nix/store/57snv67lnw42xa59l4jf20213nikcw72-vim-pack-dir/pack/myNeovimPackages/start/vim-floaterm", "/nix/store/57snv67lnw42xa59l4jf20213nikcw72-vim-pack-dir/pack/myNeovimPackages/start/vim-monokai", "/nix/store/57snv67lnw42xa59l4jf20213nikcw72-vim-pack-dir/pack/myNeovimPackages/start/vim-nix", "/nix/store/57snv67lnw42xa59l4jf20213nikcw72-vim-pack-dir/pack/myNeovimPackages/start/__python3_dependencies", "/Users/softsun2/.config/nvim", "/nix/store/88afqqgqyzq6mfi5q6rn9jpi5rgk22xh-neovim-unwrapped-0.8.0/share/nvim/runtime", "/nix/store/88afqqgqyzq6mfi5q6rn9jpi5rgk22xh-neovim-unwrapped-0.8.0/lib/nvim", "/nix/store/57snv67lnw42xa59l4jf20213nikcw72-vim-pack-dir/pack/myNeovimPackages/start/cmp-buffer/after", "/nix/store/57snv67lnw42xa59l4jf20213nikcw72-vim-pack-dir/pack/myNeovimPackages/start/cmp-cmdline/after", "/nix/store/57snv67lnw42xa59l4jf20213nikcw72-vim-pack-dir/pack/myNeovimPackages/start/cmp-nvim-lsp/after", "/nix/store/57snv67lnw42xa59l4jf20213nikcw72-vim-pack-dir/pack/myNeovimPackages/start/cmp-nvim-lua/after", "/nix/store/57snv67lnw42xa59l4jf20213nikcw72-vim-pack-dir/pack/myNeovimPackages/start/cmp-path/after", "/nix/store/57snv67lnw42xa59l4jf20213nikcw72-vim-pack-dir/pack/myNeovimPackages/start/cmp_luasnip/after" }
    }
  }
}
[12:45:24.972][info] [#0:script/provider/provider.lua:56]: Load config from client	fallback
[12:45:24.972][info] [#0:script/provider/provider.lua:57]: {
  Lua = {
    diagnostics = {
      globals = { "vim" }
    },
    telemetry = {
      enable = false
    },
    workspace = {
      library = { "/Users/softsun2/.dotfiles/config/nvim/lua", "/nix/store/57snv67lnw42xa59l4jf20213nikcw72-vim-pack-dir", "/nix/store/57snv67lnw42xa59l4jf20213nikcw72-vim-pack-dir/pack/myNeovimPackages/start/cmp-buffer", "/nix/store/57snv67lnw42xa59l4jf20213nikcw72-vim-pack-dir/pack/myNeovimPackages/start/cmp-cmdline", "/nix/store/57snv67lnw42xa59l4jf20213nikcw72-vim-pack-dir/pack/myNeovimPackages/start/cmp-nvim-lsp", "/nix/store/57snv67lnw42xa59l4jf20213nikcw72-vim-pack-dir/pack/myNeovimPackages/start/cmp-nvim-lua", "/nix/store/57snv67lnw42xa59l4jf20213nikcw72-vim-pack-dir/pack/myNeovimPackages/start/cmp-path", "/nix/store/57snv67lnw42xa59l4jf20213nikcw72-vim-pack-dir/pack/myNeovimPackages/start/cmp_luasnip", "/nix/store/57snv67lnw42xa59l4jf20213nikcw72-vim-pack-dir/pack/myNeovimPackages/start/colorizer", "/nix/store/57snv67lnw42xa59l4jf20213nikcw72-vim-pack-dir/pack/myNeovimPackages/start/everforest", "/nix/store/57snv67lnw42xa59l4jf20213nikcw72-vim-pack-dir/pack/myNeovimPackages/start/friendly-snippets", "/nix/store/57snv67lnw42xa59l4jf20213nikcw72-vim-pack-dir/pack/myNeovimPackages/start/harpoon", "/nix/store/57snv67lnw42xa59l4jf20213nikcw72-vim-pack-dir/pack/myNeovimPackages/start/indent-blankline.nvim", "/nix/store/57snv67lnw42xa59l4jf20213nikcw72-vim-pack-dir/pack/myNeovimPackages/start/lspkind-nvim", "/nix/store/57snv67lnw42xa59l4jf20213nikcw72-vim-pack-dir/pack/myNeovimPackages/start/luasnip", "/nix/store/57snv67lnw42xa59l4jf20213nikcw72-vim-pack-dir/pack/myNeovimPackages/start/nvim-base16", "/nix/store/57snv67lnw42xa59l4jf20213nikcw72-vim-pack-dir/pack/myNeovimPackages/start/nvim-cmp", "/nix/store/57snv67lnw42xa59l4jf20213nikcw72-vim-pack-dir/pack/myNeovimPackages/start/nvim-lspconfig", "/nix/store/57snv67lnw42xa59l4jf20213nikcw72-vim-pack-dir/pack/myNeovimPackages/start/nvim-solarized-lua", "/nix/store/57snv67lnw42xa59l4jf20213nikcw72-vim-pack-dir/pack/myNeovimPackages/start/nvim-tree.lua", "/nix/store/57snv67lnw42xa59l4jf20213nikcw72-vim-pack-dir/pack/myNeovimPackages/start/nvim-treesitter", "/nix/store/57snv67lnw42xa59l4jf20213nikcw72-vim-pack-dir/pack/myNeovimPackages/start/nvim-web-devicons", "/nix/store/57snv67lnw42xa59l4jf20213nikcw72-vim-pack-dir/pack/myNeovimPackages/start/plenary.nvim", "/nix/store/57snv67lnw42xa59l4jf20213nikcw72-vim-pack-dir/pack/myNeovimPackages/start/rose-pine", "/nix/store/57snv67lnw42xa59l4jf20213nikcw72-vim-pack-dir/pack/myNeovimPackages/start/telescope.nvim", "/nix/store/57snv67lnw42xa59l4jf20213nikcw72-vim-pack-dir/pack/myNeovimPackages/start/vim-floaterm", "/nix/store/57snv67lnw42xa59l4jf20213nikcw72-vim-pack-dir/pack/myNeovimPackages/start/vim-monokai", "/nix/store/57snv67lnw42xa59l4jf20213nikcw72-vim-pack-dir/pack/myNeovimPackages/start/vim-nix", "/nix/store/57snv67lnw42xa59l4jf20213nikcw72-vim-pack-dir/pack/myNeovimPackages/start/__python3_dependencies", "/Users/softsun2/.config/nvim", "/nix/store/88afqqgqyzq6mfi5q6rn9jpi5rgk22xh-neovim-unwrapped-0.8.0/share/nvim/runtime", "/nix/store/88afqqgqyzq6mfi5q6rn9jpi5rgk22xh-neovim-unwrapped-0.8.0/lib/nvim", "/nix/store/57snv67lnw42xa59l4jf20213nikcw72-vim-pack-dir/pack/myNeovimPackages/start/cmp-buffer/after", "/nix/store/57snv67lnw42xa59l4jf20213nikcw72-vim-pack-dir/pack/myNeovimPackages/start/cmp-cmdline/after", "/nix/store/57snv67lnw42xa59l4jf20213nikcw72-vim-pack-dir/pack/myNeovimPackages/start/cmp-nvim-lsp/after", "/nix/store/57snv67lnw42xa59l4jf20213nikcw72-vim-pack-dir/pack/myNeovimPackages/start/cmp-nvim-lua/after", "/nix/store/57snv67lnw42xa59l4jf20213nikcw72-vim-pack-dir/pack/myNeovimPackages/start/cmp-path/after", "/nix/store/57snv67lnw42xa59l4jf20213nikcw72-vim-pack-dir/pack/myNeovimPackages/start/cmp_luasnip/after" }
    }
  }
}
[12:45:24.972][info] [#0:script/library.lua:207]: Init builtin library at:	file:///Users/softsun2/.dotfiles/config/nvim
[12:45:24.982][info] [#0:script/plugin.lua:86]: plugin path:	/Users/softsun2/.dotfiles/config/nvim
[12:45:24.982][warn] [#0:script/plugin.lua:101]: plugin not found:	/Users/softsun2/.dotfiles/config/nvim
[12:45:24.982][info] [#0:script/library.lua:207]: Init builtin library at:	nil
[12:45:24.988][info] [#0:script/provider/provider.lua:56]: Load config from client	fallback
[12:45:24.988][info] [#0:script/provider/provider.lua:57]: {
  Lua = {
    diagnostics = {
      globals = { "vim" }
    },
    telemetry = {
      enable = false
    },
    workspace = {
      library = { "/Users/softsun2/.dotfiles/config/nvim/lua", "/nix/store/57snv67lnw42xa59l4jf20213nikcw72-vim-pack-dir", "/nix/store/57snv67lnw42xa59l4jf20213nikcw72-vim-pack-dir/pack/myNeovimPackages/start/cmp-buffer", "/nix/store/57snv67lnw42xa59l4jf20213nikcw72-vim-pack-dir/pack/myNeovimPackages/start/cmp-cmdline", "/nix/store/57snv67lnw42xa59l4jf20213nikcw72-vim-pack-dir/pack/myNeovimPackages/start/cmp-nvim-lsp", "/nix/store/57snv67lnw42xa59l4jf20213nikcw72-vim-pack-dir/pack/myNeovimPackages/start/cmp-nvim-lua", "/nix/store/57snv67lnw42xa59l4jf20213nikcw72-vim-pack-dir/pack/myNeovimPackages/start/cmp-path", "/nix/store/57snv67lnw42xa59l4jf20213nikcw72-vim-pack-dir/pack/myNeovimPackages/start/cmp_luasnip", "/nix/store/57snv67lnw42xa59l4jf20213nikcw72-vim-pack-dir/pack/myNeovimPackages/start/colorizer", "/nix/store/57snv67lnw42xa59l4jf20213nikcw72-vim-pack-dir/pack/myNeovimPackages/start/everforest", "/nix/store/57snv67lnw42xa59l4jf20213nikcw72-vim-pack-dir/pack/myNeovimPackages/start/friendly-snippets", "/nix/store/57snv67lnw42xa59l4jf20213nikcw72-vim-pack-dir/pack/myNeovimPackages/start/harpoon", "/nix/store/57snv67lnw42xa59l4jf20213nikcw72-vim-pack-dir/pack/myNeovimPackages/start/indent-blankline.nvim", "/nix/store/57snv67lnw42xa59l4jf20213nikcw72-vim-pack-dir/pack/myNeovimPackages/start/lspkind-nvim", "/nix/store/57snv67lnw42xa59l4jf20213nikcw72-vim-pack-dir/pack/myNeovimPackages/start/luasnip", "/nix/store/57snv67lnw42xa59l4jf20213nikcw72-vim-pack-dir/pack/myNeovimPackages/start/nvim-base16", "/nix/store/57snv67lnw42xa59l4jf20213nikcw72-vim-pack-dir/pack/myNeovimPackages/start/nvim-cmp", "/nix/store/57snv67lnw42xa59l4jf20213nikcw72-vim-pack-dir/pack/myNeovimPackages/start/nvim-lspconfig", "/nix/store/57snv67lnw42xa59l4jf20213nikcw72-vim-pack-dir/pack/myNeovimPackages/start/nvim-solarized-lua", "/nix/store/57snv67lnw42xa59l4jf20213nikcw72-vim-pack-dir/pack/myNeovimPackages/start/nvim-tree.lua", "/nix/store/57snv67lnw42xa59l4jf20213nikcw72-vim-pack-dir/pack/myNeovimPackages/start/nvim-treesitter", "/nix/store/57snv67lnw42xa59l4jf20213nikcw72-vim-pack-dir/pack/myNeovimPackages/start/nvim-web-devicons", "/nix/store/57snv67lnw42xa59l4jf20213nikcw72-vim-pack-dir/pack/myNeovimPackages/start/plenary.nvim", "/nix/store/57snv67lnw42xa59l4jf20213nikcw72-vim-pack-dir/pack/myNeovimPackages/start/rose-pine", "/nix/store/57snv67lnw42xa59l4jf20213nikcw72-vim-pack-dir/pack/myNeovimPackages/start/telescope.nvim", "/nix/store/57snv67lnw42xa59l4jf20213nikcw72-vim-pack-dir/pack/myNeovimPackages/start/vim-floaterm", "/nix/store/57snv67lnw42xa59l4jf20213nikcw72-vim-pack-dir/pack/myNeovimPackages/start/vim-monokai", "/nix/store/57snv67lnw42xa59l4jf20213nikcw72-vim-pack-dir/pack/myNeovimPackages/start/vim-nix", "/nix/store/57snv67lnw42xa59l4jf20213nikcw72-vim-pack-dir/pack/myNeovimPackages/start/__python3_dependencies", "/Users/softsun2/.config/nvim", "/nix/store/88afqqgqyzq6mfi5q6rn9jpi5rgk22xh-neovim-unwrapped-0.8.0/share/nvim/runtime", "/nix/store/88afqqgqyzq6mfi5q6rn9jpi5rgk22xh-neovim-unwrapped-0.8.0/lib/nvim", "/nix/store/57snv67lnw42xa59l4jf20213nikcw72-vim-pack-dir/pack/myNeovimPackages/start/cmp-buffer/after", "/nix/store/57snv67lnw42xa59l4jf20213nikcw72-vim-pack-dir/pack/myNeovimPackages/start/cmp-cmdline/after", "/nix/store/57snv67lnw42xa59l4jf20213nikcw72-vim-pack-dir/pack/myNeovimPackages/start/cmp-nvim-lsp/after", "/nix/store/57snv67lnw42xa59l4jf20213nikcw72-vim-pack-dir/pack/myNeovimPackages/start/cmp-nvim-lua/after", "/nix/store/57snv67lnw42xa59l4jf20213nikcw72-vim-pack-dir/pack/myNeovimPackages/start/cmp-path/after", "/nix/store/57snv67lnw42xa59l4jf20213nikcw72-vim-pack-dir/pack/myNeovimPackages/start/cmp_luasnip/after" }
    }
  }
}
[12:45:24.988][info] [#0:script/provider/provider.lua:56]: Load config from client	fallback
[12:45:24.988][info] [#0:script/provider/provider.lua:57]: {
  Lua = {
    diagnostics = {
      globals = { "vim" }
    },
    telemetry = {
      enable = false
    },
    workspace = {
      library = { "/Users/softsun2/.dotfiles/config/nvim/lua", "/nix/store/57snv67lnw42xa59l4jf20213nikcw72-vim-pack-dir", "/nix/store/57snv67lnw42xa59l4jf20213nikcw72-vim-pack-dir/pack/myNeovimPackages/start/cmp-buffer", "/nix/store/57snv67lnw42xa59l4jf20213nikcw72-vim-pack-dir/pack/myNeovimPackages/start/cmp-cmdline", "/nix/store/57snv67lnw42xa59l4jf20213nikcw72-vim-pack-dir/pack/myNeovimPackages/start/cmp-nvim-lsp", "/nix/store/57snv67lnw42xa59l4jf20213nikcw72-vim-pack-dir/pack/myNeovimPackages/start/cmp-nvim-lua", "/nix/store/57snv67lnw42xa59l4jf20213nikcw72-vim-pack-dir/pack/myNeovimPackages/start/cmp-path", "/nix/store/57snv67lnw42xa59l4jf20213nikcw72-vim-pack-dir/pack/myNeovimPackages/start/cmp_luasnip", "/nix/store/57snv67lnw42xa59l4jf20213nikcw72-vim-pack-dir/pack/myNeovimPackages/start/colorizer", "/nix/store/57snv67lnw42xa59l4jf20213nikcw72-vim-pack-dir/pack/myNeovimPackages/start/everforest", "/nix/store/57snv67lnw42xa59l4jf20213nikcw72-vim-pack-dir/pack/myNeovimPackages/start/friendly-snippets", "/nix/store/57snv67lnw42xa59l4jf20213nikcw72-vim-pack-dir/pack/myNeovimPackages/start/harpoon", "/nix/store/57snv67lnw42xa59l4jf20213nikcw72-vim-pack-dir/pack/myNeovimPackages/start/indent-blankline.nvim", "/nix/store/57snv67lnw42xa59l4jf20213nikcw72-vim-pack-dir/pack/myNeovimPackages/start/lspkind-nvim", "/nix/store/57snv67lnw42xa59l4jf20213nikcw72-vim-pack-dir/pack/myNeovimPackages/start/luasnip", "/nix/store/57snv67lnw42xa59l4jf20213nikcw72-vim-pack-dir/pack/myNeovimPackages/start/nvim-base16", "/nix/store/57snv67lnw42xa59l4jf20213nikcw72-vim-pack-dir/pack/myNeovimPackages/start/nvim-cmp", "/nix/store/57snv67lnw42xa59l4jf20213nikcw72-vim-pack-dir/pack/myNeovimPackages/start/nvim-lspconfig", "/nix/store/57snv67lnw42xa59l4jf20213nikcw72-vim-pack-dir/pack/myNeovimPackages/start/nvim-solarized-lua", "/nix/store/57snv67lnw42xa59l4jf20213nikcw72-vim-pack-dir/pack/myNeovimPackages/start/nvim-tree.lua", "/nix/store/57snv67lnw42xa59l4jf20213nikcw72-vim-pack-dir/pack/myNeovimPackages/start/nvim-treesitter", "/nix/store/57snv67lnw42xa59l4jf20213nikcw72-vim-pack-dir/pack/myNeovimPackages/start/nvim-web-devicons", "/nix/store/57snv67lnw42xa59l4jf20213nikcw72-vim-pack-dir/pack/myNeovimPackages/start/plenary.nvim", "/nix/store/57snv67lnw42xa59l4jf20213nikcw72-vim-pack-dir/pack/myNeovimPackages/start/rose-pine", "/nix/store/57snv67lnw42xa59l4jf20213nikcw72-vim-pack-dir/pack/myNeovimPackages/start/telescope.nvim", "/nix/store/57snv67lnw42xa59l4jf20213nikcw72-vim-pack-dir/pack/myNeovimPackages/start/vim-floaterm", "/nix/store/57snv67lnw42xa59l4jf20213nikcw72-vim-pack-dir/pack/myNeovimPackages/start/vim-monokai", "/nix/store/57snv67lnw42xa59l4jf20213nikcw72-vim-pack-dir/pack/myNeovimPackages/start/vim-nix", "/nix/store/57snv67lnw42xa59l4jf20213nikcw72-vim-pack-dir/pack/myNeovimPackages/start/__python3_dependencies", "/Users/softsun2/.config/nvim", "/nix/store/88afqqgqyzq6mfi5q6rn9jpi5rgk22xh-neovim-unwrapped-0.8.0/share/nvim/runtime", "/nix/store/88afqqgqyzq6mfi5q6rn9jpi5rgk22xh-neovim-unwrapped-0.8.0/lib/nvim", "/nix/store/57snv67lnw42xa59l4jf20213nikcw72-vim-pack-dir/pack/myNeovimPackages/start/cmp-buffer/after", "/nix/store/57snv67lnw42xa59l4jf20213nikcw72-vim-pack-dir/pack/myNeovimPackages/start/cmp-cmdline/after", "/nix/store/57snv67lnw42xa59l4jf20213nikcw72-vim-pack-dir/pack/myNeovimPackages/start/cmp-nvim-lsp/after", "/nix/store/57snv67lnw42xa59l4jf20213nikcw72-vim-pack-dir/pack/myNeovimPackages/start/cmp-nvim-lua/after", "/nix/store/57snv67lnw42xa59l4jf20213nikcw72-vim-pack-dir/pack/myNeovimPackages/start/cmp-path/after", "/nix/store/57snv67lnw42xa59l4jf20213nikcw72-vim-pack-dir/pack/myNeovimPackages/start/cmp_luasnip/after" }
    }
  }
}
[12:45:24.988][info] [#0:script/workspace/workspace.lua:305]: Preload start:	file:///Users/softsun2/.dotfiles/config/nvim
[12:45:24.994][info] [#0:script/workspace/workspace.lua:311]: Scan files at:	file:///Users/softsun2/.dotfiles/config/nvim
[12:45:24.994][info] [#0:script/workspace/workspace.lua:305]: Preload start:	<fallback>
[12:45:24.999][info] [#0:script/workspace/workspace.lua:328]: Scan library at:	file:///nix/store/57snv67lnw42xa59l4jf20213nikcw72-vim-pack-dir/pack/myNeovimPackages/start/nvim-lspconfig
[12:45:24.999][info] [#0:script/workspace/workspace.lua:328]: Scan library at:	file:///nix/store/88afqqgqyzq6mfi5q6rn9jpi5rgk22xh-neovim-unwrapped-0.8.0/share/nvim/runtime
[12:45:25.007][info] [#0:script/workspace/workspace.lua:328]: Scan library at:	file:///nix/store/57snv67lnw42xa59l4jf20213nikcw72-vim-pack-dir/pack/myNeovimPackages/start/nvim-lspconfig
[12:45:25.007][info] [#0:script/workspace/workspace.lua:328]: Scan library at:	file:///nix/store/88afqqgqyzq6mfi5q6rn9jpi5rgk22xh-neovim-unwrapped-0.8.0/share/nvim/runtime
[12:45:25.222][info] [#0:script/workspace/workspace.lua:328]: Scan library at:	file:///nix/store/57snv67lnw42xa59l4jf20213nikcw72-vim-pack-dir/pack/myNeovimPackages/start/plenary.nvim
[12:45:25.222][info] [#0:script/workspace/workspace.lua:328]: Scan library at:	file:///nix/store/88afqqgqyzq6mfi5q6rn9jpi5rgk22xh-neovim-unwrapped-0.8.0/lib/nvim
[12:45:25.222][info] [#0:script/workspace/workspace.lua:328]: Scan library at:	file:///nix/store/57snv67lnw42xa59l4jf20213nikcw72-vim-pack-dir/pack/myNeovimPackages/start/__python3_dependencies
[12:45:25.222][info] [#0:script/workspace/workspace.lua:328]: Scan library at:	file:///nix/store/57snv67lnw42xa59l4jf20213nikcw72-vim-pack-dir/pack/myNeovimPackages/start/lspkind-nvim
[12:45:25.223][info] [#0:script/workspace/workspace.lua:328]: Scan library at:	file:///nix/store/57snv67lnw42xa59l4jf20213nikcw72-vim-pack-dir/pack/myNeovimPackages/start/cmp-nvim-lua
[12:45:25.223][info] [#0:script/workspace/workspace.lua:328]: Scan library at:	file:///nix/store/57snv67lnw42xa59l4jf20213nikcw72-vim-pack-dir/pack/myNeovimPackages/start/vim-monokai
[12:45:25.223][info] [#0:script/workspace/workspace.lua:328]: Scan library at:	file:///nix/store/57snv67lnw42xa59l4jf20213nikcw72-vim-pack-dir/pack/myNeovimPackages/start/vim-nix
[12:45:25.223][info] [#0:script/workspace/workspace.lua:328]: Scan library at:	file:///nix/store/57snv67lnw42xa59l4jf20213nikcw72-vim-pack-dir/pack/myNeovimPackages/start/friendly-snippets
[12:45:25.223][info] [#0:script/workspace/workspace.lua:328]: Scan library at:	file:///nix/store/57snv67lnw42xa59l4jf20213nikcw72-vim-pack-dir/pack/myNeovimPackages/start/nvim-cmp
[12:45:25.223][info] [#0:script/workspace/workspace.lua:328]: Scan library at:	file:///nix/store/57snv67lnw42xa59l4jf20213nikcw72-vim-pack-dir/pack/myNeovimPackages/start/cmp-cmdline
[12:45:25.224][info] [#0:script/workspace/workspace.lua:328]: Scan library at:	file:///nix/store/57snv67lnw42xa59l4jf20213nikcw72-vim-pack-dir/pack/myNeovimPackages/start/nvim-base16
[12:45:25.224][info] [#0:script/workspace/workspace.lua:328]: Scan library at:	file:///Users/softsun2/.config/nvim
[12:45:25.224][info] [#0:script/workspace/workspace.lua:328]: Scan library at:	file:///nix/store/57snv67lnw42xa59l4jf20213nikcw72-vim-pack-dir/pack/myNeovimPackages/start/rose-pine
[12:45:25.224][info] [#0:script/workspace/workspace.lua:328]: Scan library at:	file:///nix/store/57snv67lnw42xa59l4jf20213nikcw72-vim-pack-dir/pack/myNeovimPackages/start/cmp-buffer
[12:45:25.225][info] [#0:script/workspace/workspace.lua:328]: Scan library at:	file:///nix/store/57snv67lnw42xa59l4jf20213nikcw72-vim-pack-dir/pack/myNeovimPackages/start/cmp-path
[12:45:25.225][info] [#0:script/workspace/workspace.lua:328]: Scan library at:	file:///Users/softsun2/.dotfiles/config/nvim/%24XDG_CACHE_HOME/sumneko_lua/meta/Lua%205.4%20en-us%20utf8
[12:45:25.226][info] [#0:script/workspace/workspace.lua:328]: Scan library at:	file:///nix/store/57snv67lnw42xa59l4jf20213nikcw72-vim-pack-dir/pack/myNeovimPackages/start/cmp-cmdline/after
[12:45:25.226][warn] [#0:script/files.lua:83]: Fix real file uri: file:///nix/store/57snv67lnw42xa59l4jf20213nikcw72-vim-pack-dir/pack/myNeovimPackages/start/cmp-cmdline/after/plugin/cmp_cmdline.lua -> file:///nix/store/ilf4zrvj6mrlb92lqkcwds254jjh750p-vimplugin-cmp-cmdline-2022-09-16/after/plugin/cmp_cmdline.lua
[12:45:25.226][info] [#0:script/workspace/workspace.lua:328]: Scan library at:	file:///nix/store/57snv67lnw42xa59l4jf20213nikcw72-vim-pack-dir/pack/myNeovimPackages/start/indent-blankline.nvim
[12:45:25.227][info] [#0:script/workspace/workspace.lua:328]: Scan library at:	file:///nix/store/57snv67lnw42xa59l4jf20213nikcw72-vim-pack-dir/pack/myNeovimPackages/start/cmp_luasnip/after
[12:45:25.227][warn] [#0:script/files.lua:83]: Fix real file uri: file:///nix/store/57snv67lnw42xa59l4jf20213nikcw72-vim-pack-dir/pack/myNeovimPackages/start/cmp_luasnip/after/plugin/cmp_luasnip.lua -> file:///nix/store/rbafkir7n1jh1dabif9pk9ls53vlccwx-vimplugin-cmp_luasnip-2022-10-28/after/plugin/cmp_luasnip.lua
[12:45:25.227][info] [#0:script/workspace/workspace.lua:328]: Scan library at:	file:///nix/store/57snv67lnw42xa59l4jf20213nikcw72-vim-pack-dir/pack/myNeovimPackages/start/cmp-nvim-lsp
[12:45:25.227][info] [#0:script/workspace/workspace.lua:328]: Scan library at:	file:///nix/store/57snv67lnw42xa59l4jf20213nikcw72-vim-pack-dir/pack/myNeovimPackages/start/luasnip
[12:45:25.227][info] [#0:script/workspace/workspace.lua:328]: Scan library at:	file:///nix/store/57snv67lnw42xa59l4jf20213nikcw72-vim-pack-dir/pack/myNeovimPackages/start/nvim-tree.lua
[12:45:25.228][info] [#0:script/workspace/workspace.lua:328]: Scan library at:	file:///nix/store/57snv67lnw42xa59l4jf20213nikcw72-vim-pack-dir/pack/myNeovimPackages/start/telescope.nvim
[12:45:25.228][info] [#0:script/workspace/workspace.lua:328]: Scan library at:	file:///nix/store/57snv67lnw42xa59l4jf20213nikcw72-vim-pack-dir/pack/myNeovimPackages/start/nvim-treesitter
[12:45:25.228][info] [#0:script/workspace/workspace.lua:328]: Scan library at:	file:///nix/store/57snv67lnw42xa59l4jf20213nikcw72-vim-pack-dir/pack/myNeovimPackages/start/cmp-nvim-lsp/after
[12:45:25.228][warn] [#0:script/files.lua:83]: Fix real file uri: file:///nix/store/57snv67lnw42xa59l4jf20213nikcw72-vim-pack-dir/pack/myNeovimPackages/start/cmp-nvim-lsp/after/plugin/cmp_nvim_lsp.lua -> file:///nix/store/v44xjvnk80m0xwwm4k1sg7nn81fq0gja-vimplugin-cmp-nvim-lsp-2022-10-29/after/plugin/cmp_nvim_lsp.lua
[12:45:25.228][info] [#0:script/workspace/workspace.lua:328]: Scan library at:	file:///nix/store/57snv67lnw42xa59l4jf20213nikcw72-vim-pack-dir/pack/myNeovimPackages/start/everforest
[12:45:25.229][info] [#0:script/workspace/workspace.lua:328]: Scan library at:	file:///nix/store/57snv67lnw42xa59l4jf20213nikcw72-vim-pack-dir/pack/myNeovimPackages/start/cmp-buffer/after
[12:45:25.229][warn] [#0:script/files.lua:83]: Fix real file uri: file:///nix/store/57snv67lnw42xa59l4jf20213nikcw72-vim-pack-dir/pack/myNeovimPackages/start/cmp-buffer/after/plugin/cmp_buffer.lua -> file:///nix/store/xv3j9n03s3gpbis3iigczw58m0i3akrs-vimplugin-cmp-buffer-2022-08-10/after/plugin/cmp_buffer.lua
[12:45:25.229][info] [#0:script/workspace/workspace.lua:328]: Scan library at:	file:///nix/store/57snv67lnw42xa59l4jf20213nikcw72-vim-pack-dir/pack/myNeovimPackages/start/harpoon
[12:45:25.229][info] [#0:script/workspace/workspace.lua:328]: Scan library at:	file:///Users/softsun2/.dotfiles/config/nvim/lua
[12:45:25.230][info] [#0:script/workspace/workspace.lua:328]: Scan library at:	file:///nix/store/57snv67lnw42xa59l4jf20213nikcw72-vim-pack-dir/pack/myNeovimPackages/start/plenary.nvim
[12:45:25.230][info] [#0:script/workspace/workspace.lua:328]: Scan library at:	file:///nix/store/88afqqgqyzq6mfi5q6rn9jpi5rgk22xh-neovim-unwrapped-0.8.0/lib/nvim
[12:45:25.230][info] [#0:script/workspace/workspace.lua:328]: Scan library at:	file:///nix/store/57snv67lnw42xa59l4jf20213nikcw72-vim-pack-dir/pack/myNeovimPackages/start/__python3_dependencies
[12:45:25.230][info] [#0:script/workspace/workspace.lua:328]: Scan library at:	file:///nix/store/57snv67lnw42xa59l4jf20213nikcw72-vim-pack-dir/pack/myNeovimPackages/start/lspkind-nvim
[12:45:25.230][info] [#0:script/workspace/workspace.lua:328]: Scan library at:	file:///nix/store/57snv67lnw42xa59l4jf20213nikcw72-vim-pack-dir/pack/myNeovimPackages/start/cmp-nvim-lua
[12:45:25.230][info] [#0:script/workspace/workspace.lua:328]: Scan library at:	file:///nix/store/57snv67lnw42xa59l4jf20213nikcw72-vim-pack-dir/pack/myNeovimPackages/start/vim-monokai
[12:45:25.230][info] [#0:script/workspace/workspace.lua:328]: Scan library at:	file:///nix/store/57snv67lnw42xa59l4jf20213nikcw72-vim-pack-dir/pack/myNeovimPackages/start/vim-nix
[12:45:25.230][info] [#0:script/workspace/workspace.lua:328]: Scan library at:	file:///nix/store/57snv67lnw42xa59l4jf20213nikcw72-vim-pack-dir/pack/myNeovimPackages/start/friendly-snippets
[12:45:25.230][info] [#0:script/workspace/workspace.lua:328]: Scan library at:	file:///nix/store/57snv67lnw42xa59l4jf20213nikcw72-vim-pack-dir/pack/myNeovimPackages/start/nvim-cmp
[12:45:25.230][info] [#0:script/workspace/workspace.lua:328]: Scan library at:	file:///nix/store/57snv67lnw42xa59l4jf20213nikcw72-vim-pack-dir/pack/myNeovimPackages/start/cmp-cmdline
[12:45:25.230][info] [#0:script/workspace/workspace.lua:328]: Scan library at:	file:///nix/store/57snv67lnw42xa59l4jf20213nikcw72-vim-pack-dir/pack/myNeovimPackages/start/nvim-base16
[12:45:25.230][info] [#0:script/workspace/workspace.lua:328]: Scan library at:	file:///Users/softsun2/.config/nvim
[12:45:25.230][info] [#0:script/workspace/workspace.lua:328]: Scan library at:	file:///nix/store/57snv67lnw42xa59l4jf20213nikcw72-vim-pack-dir/pack/myNeovimPackages/start/rose-pine
[12:45:25.230][info] [#0:script/workspace/workspace.lua:328]: Scan library at:	file:///nix/store/57snv67lnw42xa59l4jf20213nikcw72-vim-pack-dir/pack/myNeovimPackages/start/cmp-buffer
[12:45:25.230][info] [#0:script/workspace/workspace.lua:328]: Scan library at:	file:///nix/store/57snv67lnw42xa59l4jf20213nikcw72-vim-pack-dir/pack/myNeovimPackages/start/cmp-path
[12:45:25.230][info] [#0:script/workspace/workspace.lua:328]: Scan library at:	file:///Users/softsun2/.dotfiles/config/nvim/%24XDG_CACHE_HOME/sumneko_lua/meta/Lua%205.4%20en-us%20utf8
[12:45:25.231][info] [#0:script/workspace/workspace.lua:328]: Scan library at:	file:///nix/store/57snv67lnw42xa59l4jf20213nikcw72-vim-pack-dir/pack/myNeovimPackages/start/nvim-web-devicons
[12:45:25.231][info] [#0:script/workspace/workspace.lua:328]: Scan library at:	file:///nix/store/57snv67lnw42xa59l4jf20213nikcw72-vim-pack-dir/pack/myNeovimPackages/start/cmp_luasnip
[12:45:25.231][info] [#0:script/workspace/workspace.lua:328]: Scan library at:	file:///nix/store/57snv67lnw42xa59l4jf20213nikcw72-vim-pack-dir/pack/myNeovimPackages/start/colorizer
[12:45:25.231][info] [#0:script/workspace/workspace.lua:328]: Scan library at:	file:///nix/store/57snv67lnw42xa59l4jf20213nikcw72-vim-pack-dir/pack/myNeovimPackages/start/cmp-nvim-lua/after
[12:45:25.231][warn] [#0:script/files.lua:83]: Fix real file uri: file:///nix/store/57snv67lnw42xa59l4jf20213nikcw72-vim-pack-dir/pack/myNeovimPackages/start/cmp-nvim-lua/after/plugin/cmp_nvim_lua.lua -> file:///nix/store/gr534v3w71adn9wcv7kjq65xir5s3kg3-vimplugin-cmp-nvim-lua-2021-10-11/after/plugin/cmp_nvim_lua.lua
[12:45:25.232][info] [#0:script/workspace/workspace.lua:328]: Scan library at:	file:///nix/store/57snv67lnw42xa59l4jf20213nikcw72-vim-pack-dir
[12:45:25.233][info] [#0:script/workspace/workspace.lua:328]: Scan library at:	file:///nix/store/57snv67lnw42xa59l4jf20213nikcw72-vim-pack-dir/pack/myNeovimPackages/start/nvim-solarized-lua
[12:45:25.233][info] [#0:script/workspace/workspace.lua:328]: Scan library at:	file:///nix/store/57snv67lnw42xa59l4jf20213nikcw72-vim-pack-dir/pack/myNeovimPackages/start/cmp-path/after
[12:45:25.233][warn] [#0:script/files.lua:83]: Fix real file uri: file:///nix/store/57snv67lnw42xa59l4jf20213nikcw72-vim-pack-dir/pack/myNeovimPackages/start/cmp-path/after/plugin/cmp_path.lua -> file:///nix/store/6b3shfyn5nfm90xgq8jf0snzj2gf4gs4-vimplugin-cmp-path-2022-10-03/after/plugin/cmp_path.lua
[12:45:25.233][info] [#0:script/workspace/workspace.lua:328]: Scan library at:	file:///nix/store/57snv67lnw42xa59l4jf20213nikcw72-vim-pack-dir/pack/myNeovimPackages/start/vim-floaterm
[12:45:25.234][info] [#0:script/workspace/workspace.lua:328]: Scan library at:	file:///nix/store/57snv67lnw42xa59l4jf20213nikcw72-vim-pack-dir/pack/myNeovimPackages/start/cmp-cmdline/after
[12:45:25.234][info] [#0:script/workspace/workspace.lua:328]: Scan library at:	file:///nix/store/57snv67lnw42xa59l4jf20213nikcw72-vim-pack-dir/pack/myNeovimPackages/start/indent-blankline.nvim
[12:45:25.234][info] [#0:script/workspace/workspace.lua:328]: Scan library at:	file:///nix/store/57snv67lnw42xa59l4jf20213nikcw72-vim-pack-dir/pack/myNeovimPackages/start/cmp_luasnip/after
[12:45:25.234][info] [#0:script/workspace/workspace.lua:328]: Scan library at:	file:///nix/store/57snv67lnw42xa59l4jf20213nikcw72-vim-pack-dir/pack/myNeovimPackages/start/cmp-nvim-lsp
[12:45:25.234][info] [#0:script/workspace/workspace.lua:328]: Scan library at:	file:///nix/store/57snv67lnw42xa59l4jf20213nikcw72-vim-pack-dir/pack/myNeovimPackages/start/luasnip
[12:45:25.234][info] [#0:script/workspace/workspace.lua:328]: Scan library at:	file:///nix/store/57snv67lnw42xa59l4jf20213nikcw72-vim-pack-dir/pack/myNeovimPackages/start/nvim-tree.lua
[12:45:25.234][info] [#0:script/workspace/workspace.lua:328]: Scan library at:	file:///nix/store/57snv67lnw42xa59l4jf20213nikcw72-vim-pack-dir/pack/myNeovimPackages/start/telescope.nvim
[12:45:25.234][info] [#0:script/workspace/workspace.lua:328]: Scan library at:	file:///nix/store/57snv67lnw42xa59l4jf20213nikcw72-vim-pack-dir/pack/myNeovimPackages/start/nvim-treesitter
[12:45:25.234][info] [#0:script/workspace/workspace.lua:328]: Scan library at:	file:///nix/store/57snv67lnw42xa59l4jf20213nikcw72-vim-pack-dir/pack/myNeovimPackages/start/cmp-nvim-lsp/after
[12:45:25.235][info] [#0:script/workspace/workspace.lua:328]: Scan library at:	file:///nix/store/57snv67lnw42xa59l4jf20213nikcw72-vim-pack-dir/pack/myNeovimPackages/start/everforest
[12:45:25.235][info] [#0:script/workspace/workspace.lua:328]: Scan library at:	file:///nix/store/57snv67lnw42xa59l4jf20213nikcw72-vim-pack-dir/pack/myNeovimPackages/start/cmp-buffer/after
[12:45:25.235][info] [#0:script/workspace/workspace.lua:328]: Scan library at:	file:///nix/store/57snv67lnw42xa59l4jf20213nikcw72-vim-pack-dir/pack/myNeovimPackages/start/harpoon
[12:45:25.235][info] [#0:script/workspace/workspace.lua:328]: Scan library at:	file:///Users/softsun2/.dotfiles/config/nvim/lua
[12:45:25.235][info] [#0:script/workspace/workspace.lua:328]: Scan library at:	file:///nix/store/57snv67lnw42xa59l4jf20213nikcw72-vim-pack-dir/pack/myNeovimPackages/start/nvim-web-devicons
[12:45:25.235][info] [#0:script/workspace/workspace.lua:328]: Scan library at:	file:///nix/store/57snv67lnw42xa59l4jf20213nikcw72-vim-pack-dir/pack/myNeovimPackages/start/cmp_luasnip
[12:45:25.235][info] [#0:script/workspace/workspace.lua:328]: Scan library at:	file:///nix/store/57snv67lnw42xa59l4jf20213nikcw72-vim-pack-dir/pack/myNeovimPackages/start/colorizer
[12:45:25.235][info] [#0:script/workspace/workspace.lua:328]: Scan library at:	file:///nix/store/57snv67lnw42xa59l4jf20213nikcw72-vim-pack-dir/pack/myNeovimPackages/start/cmp-nvim-lua/after
[12:45:25.235][info] [#0:script/workspace/workspace.lua:328]: Scan library at:	file:///nix/store/57snv67lnw42xa59l4jf20213nikcw72-vim-pack-dir
[12:45:25.236][info] [#0:script/workspace/workspace.lua:328]: Scan library at:	file:///nix/store/57snv67lnw42xa59l4jf20213nikcw72-vim-pack-dir/pack/myNeovimPackages/start/nvim-solarized-lua
[12:45:25.236][info] [#0:script/workspace/workspace.lua:328]: Scan library at:	file:///nix/store/57snv67lnw42xa59l4jf20213nikcw72-vim-pack-dir/pack/myNeovimPackages/start/cmp-path/after
[12:45:25.236][info] [#0:script/workspace/workspace.lua:328]: Scan library at:	file:///nix/store/57snv67lnw42xa59l4jf20213nikcw72-vim-pack-dir/pack/myNeovimPackages/start/vim-floaterm
[12:45:25.236][info] [#0:script/workspace/workspace.lua:348]: Found 70 files at:	<fallback>
[12:45:25.236][info] [#0:script/workspace/loading.lua:153]: Load files from disk:	<fallback>
[12:45:25.236][info] [#0:script/workspace/workspace.lua:348]: Found 92 files at:	file:///Users/softsun2/.dotfiles/config/nvim
[12:45:25.236][info] [#0:script/workspace/loading.lua:153]: Load files from disk:	file:///Users/softsun2/.dotfiles/config/nvim
[12:45:25.435][info] [#0:script/workspace/loading.lua:165]: Loaded files takes [0.202] sec: file:///Users/softsun2/.dotfiles/config/nvim
[12:45:25.435][info] [#0:script/workspace/loading.lua:174]: Compile files takes [0.000] sec: file:///Users/softsun2/.dotfiles/config/nvim
[12:45:25.435][info] [#0:script/workspace/loading.lua:175]: Loaded finish:	file:///Users/softsun2/.dotfiles/config/nvim
[12:45:25.435][info] [#0:script/workspace/workspace.lua:350]: Preload finish at:	file:///Users/softsun2/.dotfiles/config/nvim
[12:45:25.454][info] [#0:script/workspace/loading.lua:165]: Loaded files takes [0.221] sec: <fallback>
[12:45:25.454][info] [#0:script/workspace/loading.lua:174]: Compile files takes [0.000] sec: <fallback>
[12:45:25.454][info] [#0:script/workspace/loading.lua:175]: Loaded finish:	<fallback>
[12:45:25.454][info] [#0:script/workspace/workspace.lua:350]: Preload finish at:	<fallback>
[12:45:25.462][warn] [#0:script/proto/proto.lua:122]: Response of [workspace/diagnostic/refresh] error [-32601]: MethodNotFound
[12:45:25.478][info] [#0:script/provider/diagnostic.lua:486]: Diagnostics scope [<fallback>], files count:[70]
[12:45:25.478][warn] [#0:script/proto/proto.lua:122]: Response of [workspace/diagnostic/refresh] error [-32601]: MethodNotFound
[12:45:25.545][info] [#0:script/provider/diagnostic.lua:503]: Diagnostics scope [<fallback>] finished, takes [0.062] sec.
[12:45:26.850][info] [#0:script/provider/diagnostic.lua:486]: Diagnostics scope [file:///Users/softsun2/.dotfiles/config/nvim], files count:[64]
[12:45:26.975][info] [#0:script/provider/diagnostic.lua:503]: Diagnostics scope [file:///Users/softsun2/.dotfiles/config/nvim] finished, takes [0.126] sec.
[12:45:33.874][info] [#0:script/provider/diagnostic.lua:486]: Diagnostics scope [file:///Users/softsun2/.dotfiles/config/nvim], files count:[64]
[12:45:41.559][info] [#0:script/provider/diagnostic.lua:160]: clearDiagnostics	file:///Users/softsun2/.dotfiles/config/nvim/lua/colors.lua
[12:45:42.919][info] [#0:script/provider/diagnostic.lua:486]: Diagnostics scope [file:///Users/softsun2/.dotfiles/config/nvim], files count:[64]
[12:45:42.992][info] [#0:script/provider/diagnostic.lua:503]: Diagnostics scope [file:///Users/softsun2/.dotfiles/config/nvim] finished, takes [0.073] sec.
[12:45:45.861][info] [#0:script/provider/provider.lua:167]: Server shutdown.
[12:45:45.861][warn] [#0:script/pub/report.lua:25]: Load proto error:	Disconnected!
