[12:45:24.791][info] [#0:/nix/store/vrbz1j1ci3kxssdjsgskq9ypa1rckr6z-sumneko-lua-language-server-3.5.6/share/lua-language-server/main.lua:65]: Lua Lsp startup, root: 	/nix/store/vrbz1j1ci3kxssdjsgskq9ypa1rckr6z-sumneko-lua-language-server-3.5.6/share/lua-language-server
[12:45:24.794][info] [#0:/nix/store/vrbz1j1ci3kxssdjsgskq9ypa1rckr6z-sumneko-lua-language-server-3.5.6/share/lua-language-server/main.lua:66]: ROOT:	/nix/store/vrbz1j1ci3kxssdjsgskq9ypa1rckr6z-sumneko-lua-language-server-3.5.6/share/lua-language-server
[12:45:24.794][info] [#0:/nix/store/vrbz1j1ci3kxssdjsgskq9ypa1rckr6z-sumneko-lua-language-server-3.5.6/share/lua-language-server/main.lua:67]: LOGPATH:	$XDG_CACHE_HOME/sumneko_lua/log
[12:45:24.794][info] [#0:/nix/store/vrbz1j1ci3kxssdjsgskq9ypa1rckr6z-sumneko-lua-language-server-3.5.6/share/lua-language-server/main.lua:68]: METAPATH:	$XDG_CACHE_HOME/sumneko_lua/meta
[12:45:24.795][info] [#0:/nix/store/vrbz1j1ci3kxssdjsgskq9ypa1rckr6z-sumneko-lua-language-server-3.5.6/share/lua-language-server/main.lua:69]: VERSION:	3.5.6
[12:45:24.823][info] [#0:script/service/service.lua:141]: 
========= Medical Examination Report =========
    --------------- Memory ---------------
        Total: 1.413 MB
        # 00 : 1.413 MB
        # 01 : 0.000 MB
        # 02 : 0.000 MB
        # 03 : 0.000 MB
        # 04 : 0.000 MB
    --------------- Coroutine ---------------
        Total:     0
        Running:   0
        Suspended: 0
        Normal:    0
        Dead:      0
    --------------- Cache ---------------
        Total: 1
        Dead:  0
    ---------------  RPC  ---------------
        Holdon:   0
        Waiting:  0
==============================================
[12:45:24.837][info] [#0:script/language.lua:137]: VSC language: nil
[12:45:24.852][info] [#0:script/language.lua:138]: LS  language: en-us
[12:45:24.852][info] [#0:script/workspace/workspace.lua:38]: Workspace init root: 	file:///Users/softsun2/.dotfiles/config/nvim
[12:45:24.853][info] [#0:script/workspace/workspace.lua:42]: Log path: 	$XDG_CACHE_HOME/sumneko_lua/log/file_Users_softsun2_.dotfiles_config_nvim.log
